<?xml version="1.0" encoding="UTF-8"?>
<!-- Generated by org.testng.reporters.JUnitReportReporter -->
<testsuite hostname="DESKTOP-AE4K9TJ" failures="0" tests="1" name="MyTestCaseLUMA" time="10.184" errors="0" timestamp="2023-05-19T22:55:39 AST" skipped="0">
  <testcase classname="MyTestCaseLUMA" name="Add_Items" time="10.184"/>
  <system-out/>
</testsuite> <!-- MyTestCaseLUMA -->
